<?xml version="1.0" encoding="UTF-8"?>
<testsuite name="CalculatorTest" tests="1" skipped="0" failures="0" errors="0" timestamp="2020-07-28T18:18:52" hostname="DESKTOP-TN7LS85" time="0.012">
  <properties/>
  <testcase name="testMultiply1And0" classname="CalculatorTest" time="0.012"/>
  <system-out><![CDATA[]]></system-out>
  <system-err><![CDATA[]]></system-err>
</testsuite>
